<?xml version="1.0" encoding="UTF-8"?>
<!-- Generated by org.testng.reporters.JUnitXMLReporter -->
<testsuite ignored="0" hostname="BHUKRK527101L" failures="1" tests="10" name="Orange Hrm Test Cases" time="128.124" errors="0" timestamp="2024-12-07T17:39:48 IST">
  <testcase classname="orangehr.testcases.LoginTest" name="verifyloginwithvalidcredentials" time="3.691"/>
  <testcase classname="orangehr.testcases.LoginTest" name="verifyloginwithvalidcredentials" time="2.721"/>
  <testcase classname="orangehr.testcases.LoginTest" name="verifyloginwithvalidcredentials" time="3.222"/>
  <testcase classname="orangehr.testcases.LoginTest" name="verifyloginwithinvalidusername" time="2.868"/>
  <testcase classname="orangehr.testcases.LoginTest" name="verifyloginwithinvalidpassword" time="2.919"/>
  <testcase classname="orangehr.testcases.LoginTest" name="verifyloginwithinvaliusernameandpw" time="2.891"/>
  <testcase classname="orangehr.testcases.DashboardTest" name="VerifyDashboardHelp" time="0.519">
    <failure type="java.lang.AssertionError" message="Title is not matching expected [OrangeHRMTest] but found [OrangeHRM]">
      <![CDATA[java.lang.AssertionError: Title is not matching expected [OrangeHRMTest] but found [OrangeHRM]
at orangehr.testcases.DashboardTest.VerifyDashboardHelp(DashboardTest.java:54)
at java.base/java.util.ArrayList.forEach(ArrayList.java:1511)
... Removed 32 stack frames]]>
    </failure>
  </testcase> <!-- VerifyDashboardHelp -->
  <testcase classname="orangehr.testcases.DashboardTest" name="QuickLaunchAssignLeave" time="0.0">
    <skipped/>
  </testcase> <!-- QuickLaunchAssignLeave -->
  <testcase classname="orangehr.testcases.AdminTest" name="SearchAdminInSearchBox" time="1.582"/>
  <testcase classname="orangehr.testcases.AdminTest" name="VerifyAdminPage" time="2.275"/>
</testsuite> <!-- Orange Hrm Test Cases -->
